{"level":"warn","message":"GET"}
{"level":"warn","message":"/errortest"}
{"level":"warn","message":"GET"}
{"level":"warn","message":"/newUser?username=kind59&password=qwerty123"}
{"level":"warn","message":"GET"}
{"level":"warn","message":"/newUser?username=walter&password=qwerty123"}
{"level":"warn","message":"GET"}
{"level":"warn","message":"/newUser?username=test1&password=qwerty123"}
{"level":"warn","message":"GET"}
{"level":"warn","message":"/newUser?username=test2&password=qwerty123"}
{"level":"warn","message":"GET"}
{"level":"warn","message":"/api/productos/6390f7504508e1965437e601"}
{"level":"warn","message":"GET"}
{"level":"warn","message":"/"}
{"level":"warn","message":"GET"}
{"level":"warn","message":"/favicon.ico"}
{"level":"warn","message":"GET"}
{"level":"warn","message":"/favicon.ico"}
{"level":"warn","message":"GET"}
{"level":"warn","message":"/favicon.ico"}
{"level":"warn","message":"GET"}
{"level":"warn","message":"/favicon.ico"}
{"level":"warn","message":"GET"}
{"level":"warn","message":"/socket.io/socket.io.js"}
{"level":"warn","message":"GET"}
{"level":"warn","message":"/favicon.ico"}
{"level":"warn","message":"GET"}
{"level":"warn","message":"/"}
{"level":"warn","message":"GET"}
{"level":"warn","message":"/favicon.ico"}
{"level":"warn","message":"GET"}
{"level":"warn","message":"/socket.io/socket.io.js"}
{"level":"warn","message":"GET"}
{"level":"warn","message":"/favicon.ico"}
{"level":"warn","message":"GET"}
{"level":"warn","message":"/socket.io/socket.io.js"}
{"level":"warn","message":"GET"}
{"level":"warn","message":"/favicon.ico"}
{"level":"warn","message":"GET"}
{"level":"warn","message":"/favicon.ico"}
{"level":"warn","message":"GET"}
{"level":"warn","message":"/favicon.ico"}
{"level":"warn","message":"GET"}
{"level":"warn","message":"/img/kind59.jpeg"}
{"level":"warn","message":"GET"}
{"level":"warn","message":"/socket.io/socket.io.js"}
{"level":"warn","message":"GET"}
{"level":"warn","message":"/favicon.ico"}
{"level":"warn","message":"GET"}
{"level":"warn","message":"/thumb.jpg"}
{"level":"warn","message":"GET"}
{"level":"warn","message":"/favicon.ico"}
{"level":"warn","message":"GET"}
{"level":"warn","message":"/socket.io/socket.io.js"}
{"level":"warn","message":"GET"}
{"level":"warn","message":"/img/kind59.jpeg"}
{"level":"warn","message":"GET"}
{"level":"warn","message":"/favicon.ico"}
{"level":"warn","message":"GET"}
{"level":"warn","message":"/favicon.ico"}
{"level":"warn","message":"GET"}
{"level":"warn","message":"/socket.io/socket.io.js"}
{"level":"warn","message":"GET"}
{"level":"warn","message":"/img/kind59.jpeg"}
{"level":"warn","message":"GET"}
{"level":"warn","message":"/favicon.ico"}
{"level":"warn","message":"GET"}
{"level":"warn","message":"/favicon.ico"}
{"level":"warn","message":"GET"}
{"level":"warn","message":"/favicon.ico"}
{"level":"warn","message":"GET"}
{"level":"warn","message":"/socket.io/socket.io.js"}
{"level":"warn","message":"GET"}
{"level":"warn","message":"/img/kind59.jpeg"}
{"level":"warn","message":"GET"}
{"level":"warn","message":"/favicon.ico"}
{"level":"warn","message":"GET"}
{"level":"warn","message":"/favicon.ico"}
{"level":"warn","message":"GET"}
{"level":"warn","message":"/socket.io/socket.io.js"}
{"level":"warn","message":"GET"}
{"level":"warn","message":"/img/kind59.jpeg"}
{"level":"warn","message":"GET"}
{"level":"warn","message":"/favicon.ico"}
{"level":"warn","message":"GET"}
{"level":"warn","message":"/favicon.ico"}
{"level":"warn","message":"GET"}
{"level":"warn","message":"/favicon.ico"}
{"level":"warn","message":"GET"}
{"level":"warn","message":"/favicon.ico"}
{"level":"warn","message":"GET"}
{"level":"warn","message":"/favicon.ico"}
{"level":"warn","message":"GET"}
{"level":"warn","message":"/favicon.ico"}
{"level":"warn","message":"GET"}
{"level":"warn","message":"/"}
{"level":"warn","message":"GET"}
{"level":"warn","message":"/favicon.ico"}
{"level":"warn","message":"GET"}
{"level":"warn","message":"/favicon.ico"}
{"level":"warn","message":"GET"}
{"level":"warn","message":"/"}
{"level":"warn","message":"GET"}
{"level":"warn","message":"/favicon.ico"}
{"level":"warn","message":"GET"}
{"level":"warn","message":"/favicon.ico"}
{"level":"warn","message":"GET"}
{"level":"warn","message":"/socket.io/socket.io.js"}
{"level":"warn","message":"GET"}
{"level":"warn","message":"/favicon.ico"}
{"level":"warn","message":"GET"}
{"level":"warn","message":"/socket.io/socket.io.js"}
{"level":"warn","message":"GET"}
{"level":"warn","message":"/favicon.ico"}
{"level":"warn","message":"GET"}
{"level":"warn","message":"/favicon.ico"}
{"level":"warn","message":"GET"}
{"level":"warn","message":"/favicon.ico"}
{"level":"warn","message":"GET"}
{"level":"warn","message":"/favicon.ico"}
{"level":"warn","message":"GET"}
{"level":"warn","message":"/favicon.ico"}
{"level":"warn","message":"GET"}
{"level":"warn","message":"/favicon.ico"}
{"level":"warn","message":"GET"}
{"level":"warn","message":"/favicon.ico"}
{"level":"warn","message":"GET"}
{"level":"warn","message":"/favicon.ico"}
{"level":"warn","message":"GET"}
{"level":"warn","message":"/favicon.ico"}
{"level":"warn","message":"GET"}
{"level":"warn","message":"/"}
{"level":"warn","message":"GET"}
{"level":"warn","message":"/favicon.ico"}
{"level":"warn","message":"GET"}
{"level":"warn","message":"/favicon.ico"}
{"level":"warn","message":"GET"}
{"level":"warn","message":"/favicon.ico"}
{"level":"warn","message":"GET"}
{"level":"warn","message":"/favicon.ico"}
{"level":"warn","message":"GET"}
{"level":"warn","message":"/favicon.ico"}
{"level":"warn","message":"GET"}
{"level":"warn","message":"/favicon.ico"}
{"level":"warn","message":"GET"}
{"level":"warn","message":"/"}
{"level":"warn","message":"GET"}
{"level":"warn","message":"/favicon.ico"}
{"level":"warn","message":"GET"}
{"level":"warn","message":"/favicon.ico"}
{"level":"warn","message":"GET"}
{"level":"warn","message":"/favicon.ico"}
{"level":"warn","message":"GET"}
{"level":"warn","message":"/favicon.ico"}
{"level":"warn","message":"GET"}
{"level":"warn","message":"/favicon.ico"}
{"level":"warn","message":"GET"}
{"level":"warn","message":"/favicon.ico"}
{"level":"warn","message":"GET"}
{"level":"warn","message":"/favicon.ico"}
{"level":"warn","message":"GET"}
{"level":"warn","message":"/favicon.ico"}
{"level":"warn","message":"GET"}
{"level":"warn","message":"/favicon.ico"}
{"level":"warn","message":"GET"}
{"level":"warn","message":"/favicon.ico"}
{"level":"warn","message":"GET"}
{"level":"warn","message":"/favicon.ico"}
{"level":"warn","message":"GET"}
{"level":"warn","message":"/favicon.ico"}
{"level":"warn","message":"GET"}
{"level":"warn","message":"/favicon.ico"}
{"level":"warn","message":"GET"}
{"level":"warn","message":"/favicon.ico"}
{"level":"warn","message":"GET"}
{"level":"warn","message":"/"}
{"level":"warn","message":"GET"}
{"level":"warn","message":"/favicon.ico"}
{"level":"warn","message":"GET"}
{"level":"warn","message":"/favicon.ico"}
{"level":"warn","message":"GET"}
{"level":"warn","message":"/"}
{"level":"warn","message":"GET"}
{"level":"warn","message":"/favicon.ico"}
{"level":"warn","message":"GET"}
{"level":"warn","message":"/favicon.ico"}
{"level":"warn","message":"GET"}
{"level":"warn","message":"/socket.io/socket.io.js"}
{"level":"warn","message":"GET"}
{"level":"warn","message":"/img/teteo2.jpeg"}
{"level":"warn","message":"GET"}
{"level":"warn","message":"/favicon.ico"}
{"level":"warn","message":"GET"}
{"level":"warn","message":"/undefined"}
{"level":"warn","message":"GET"}
{"level":"warn","message":"/favicon.ico"}
{"level":"warn","message":"GET"}
{"level":"warn","message":"/favicon.ico"}
{"level":"warn","message":"GET"}
{"level":"warn","message":"/socket.io/socket.io.js"}
{"level":"warn","message":"GET"}
{"level":"warn","message":"/img/teteo3.jpeg"}
{"level":"warn","message":"GET"}
{"level":"warn","message":"/favicon.ico"}
{"level":"warn","message":"GET"}
{"level":"warn","message":"/undefined"}
{"level":"warn","message":"GET"}
{"level":"warn","message":"/undefined"}
{"level":"warn","message":"GET"}
{"level":"warn","message":"/undefined"}
{"level":"warn","message":"GET"}
{"level":"warn","message":"/undefined"}
{"level":"warn","message":"GET"}
{"level":"warn","message":"/undefined"}
{"level":"warn","message":"GET"}
{"level":"warn","message":"/favicon.ico"}
{"level":"warn","message":"GET"}
{"level":"warn","message":"/favicon.ico"}
{"level":"warn","message":"GET"}
{"level":"warn","message":"/socket.io/socket.io.js"}
{"level":"warn","message":"GET"}
{"level":"warn","message":"/img/teteteto.jpeg"}
{"level":"warn","message":"GET"}
{"level":"warn","message":"/favicon.ico"}
{"level":"warn","message":"GET"}
{"level":"warn","message":"/"}
{"level":"warn","message":"GET"}
{"level":"warn","message":"/favicon.ico"}
{"level":"warn","message":"GET"}
{"level":"warn","message":"/socket.io/socket.io.js"}
{"level":"warn","message":"GET"}
{"level":"warn","message":"/img/kind59.jpeg"}
{"level":"warn","message":"GET"}
{"level":"warn","message":"/img/kind59.jpeg"}
{"level":"warn","message":"GET"}
{"level":"warn","message":"/"}
{"level":"warn","message":"GET"}
{"level":"warn","message":"/favicon.ico"}
{"level":"warn","message":"GET"}
{"level":"warn","message":"/socket.io/socket.io.js"}
{"level":"warn","message":"GET"}
{"level":"warn","message":"/img/kind59.jpeg"}
{"level":"warn","message":"GET"}
{"level":"warn","message":"/favicon.ico"}
{"level":"warn","message":"GET"}
{"level":"warn","message":"/socket.io/socket.io.js"}
{"level":"warn","message":"GET"}
{"level":"warn","message":"/img/kind59.jpeg"}
{"level":"warn","message":"GET"}
{"level":"warn","message":"/favicon.ico"}
{"level":"warn","message":"GET"}
{"level":"warn","message":"/socket.io/socket.io.js"}
{"level":"warn","message":"GET"}
{"level":"warn","message":"/img/kind59.jpeg"}
{"level":"warn","message":"GET"}
{"level":"warn","message":"/favicon.ico"}
{"level":"warn","message":"GET"}
{"level":"warn","message":"/favicon.ico"}
{"level":"warn","message":"GET"}
{"level":"warn","message":"/socket.io/socket.io.js"}
{"level":"warn","message":"GET"}
{"level":"warn","message":"/img/kind59.jpeg"}
{"level":"warn","message":"GET"}
{"level":"warn","message":"/favicon.ico"}
{"level":"warn","message":"GET"}
{"level":"warn","message":"/favicon.ico"}
{"level":"warn","message":"GET"}
{"level":"warn","message":"/socket.io/socket.io.js"}
{"level":"warn","message":"GET"}
{"level":"warn","message":"/img/kind59.jpeg"}
{"level":"warn","message":"GET"}
{"level":"warn","message":"/favicon.ico"}
{"level":"warn","message":"GET"}
{"level":"warn","message":"/favicon.ico"}
{"level":"warn","message":"GET"}
{"level":"warn","message":"/favicon.ico"}
{"level":"warn","message":"GET"}
{"level":"warn","message":"/socket.io/socket.io.js"}
{"level":"warn","message":"GET"}
{"level":"warn","message":"/img/kind59.jpeg"}
{"level":"warn","message":"GET"}
{"level":"warn","message":"/favicon.ico"}
{"level":"warn","message":"GET"}
{"level":"warn","message":"/favicon.ico"}
{"level":"warn","message":"GET"}
{"level":"warn","message":"/socket.io/socket.io.js"}
{"level":"warn","message":"GET"}
{"level":"warn","message":"/img/kind59.jpeg"}
{"level":"warn","message":"GET"}
{"level":"warn","message":"/favicon.ico"}
{"level":"warn","message":"GET"}
{"level":"warn","message":"/favicon.ico"}
{"level":"warn","message":"GET"}
{"level":"warn","message":"/socket.io/socket.io.js"}
{"level":"warn","message":"GET"}
{"level":"warn","message":"/img/kind59.jpeg"}
{"level":"warn","message":"GET"}
{"level":"warn","message":"/favicon.ico"}
{"level":"warn","message":"GET"}
{"level":"warn","message":"/nuevoElem.thumbnailAct"}
{"level":"warn","message":"GET"}
{"level":"warn","message":"/undefined"}
{"level":"warn","message":"GET"}
{"level":"warn","message":"/undefined"}
{"level":"warn","message":"GET"}
{"level":"warn","message":"/nuevoElem.thumbnailAct"}
{"level":"warn","message":"GET"}
{"level":"warn","message":"/nuevoElem.thumbnailAct"}
{"level":"warn","message":"GET"}
{"level":"warn","message":"/nuevoElem.thumbnailAct"}
{"level":"warn","message":"GET"}
{"level":"warn","message":"/undefined"}
{"level":"warn","message":"GET"}
{"level":"warn","message":"/favicon.ico"}
{"level":"warn","message":"GET"}
{"level":"warn","message":"/socket.io/socket.io.js"}
{"level":"warn","message":"GET"}
{"level":"warn","message":"/img/kind59.jpeg"}
{"level":"warn","message":"GET"}
{"level":"warn","message":"/favicon.ico"}
{"level":"warn","message":"GET"}
{"level":"warn","message":"/nuevoElem.thumbnailAct"}
{"level":"warn","message":"GET"}
{"level":"warn","message":"/socket.io/socket.io.js"}
{"level":"warn","message":"GET"}
{"level":"warn","message":"/img/kind59.jpeg"}
{"level":"warn","message":"GET"}
{"level":"warn","message":"/favicon.ico"}
{"level":"warn","message":"GET"}
{"level":"warn","message":"/nuevoElem.thumbnailAct"}
{"level":"warn","message":"GET"}
{"level":"warn","message":"/favicon.ico"}
{"level":"warn","message":"GET"}
{"level":"warn","message":"/socket.io/socket.io.js"}
{"level":"warn","message":"GET"}
{"level":"warn","message":"/img/kind59.jpeg"}
{"level":"warn","message":"GET"}
{"level":"warn","message":"/favicon.ico"}
{"level":"warn","message":"GET"}
{"level":"warn","message":"/nuevoElem.thumbnailAct"}
{"level":"warn","message":"GET"}
{"level":"warn","message":"/favicon.ico"}
{"level":"warn","message":"GET"}
{"level":"warn","message":"/socket.io/socket.io.js"}
{"level":"warn","message":"GET"}
{"level":"warn","message":"/img/kind59.jpeg"}
{"level":"warn","message":"GET"}
{"level":"warn","message":"/favicon.ico"}
{"level":"warn","message":"GET"}
{"level":"warn","message":"/nuevoElem.thumbnailAct"}
{"level":"warn","message":"GET"}
{"level":"warn","message":"/"}
{"level":"warn","message":"GET"}
{"level":"warn","message":"/favicon.ico"}
{"level":"warn","message":"GET"}
{"level":"warn","message":"/socket.io/socket.io.js"}
{"level":"warn","message":"GET"}
{"level":"warn","message":"/img/kind59.jpeg"}
{"level":"warn","message":"GET"}
{"level":"warn","message":"/favicon.ico"}
{"level":"warn","message":"GET"}
{"level":"warn","message":"/nuevoElem.thumbnailAct"}
{"level":"warn","message":"GET"}
{"level":"warn","message":"/nuevoElem.thumbnailAct"}
{"level":"warn","message":"GET"}
{"level":"warn","message":"/nuevoElem.thumbnailAct"}
{"level":"warn","message":"GET"}
{"level":"warn","message":"/nuevoElem.thumbnailAct"}
{"level":"warn","message":"GET"}
{"level":"warn","message":"/nuevoElem.thumbnailAct"}
{"level":"warn","message":"GET"}
{"level":"warn","message":"/nuevoElem.thumbnailAct"}
{"level":"warn","message":"GET"}
{"level":"warn","message":"/favicon.ico"}
{"level":"warn","message":"GET"}
{"level":"warn","message":"/"}
{"level":"warn","message":"GET"}
{"level":"warn","message":"/favicon.ico"}
{"level":"warn","message":"GET"}
{"level":"warn","message":"/socket.io/socket.io.js"}
{"level":"warn","message":"GET"}
{"level":"warn","message":"/img/kind59.jpeg"}
{"level":"warn","message":"GET"}
{"level":"warn","message":"/favicon.ico"}
{"level":"warn","message":"GET"}
{"level":"warn","message":"/undefined"}
{"level":"warn","message":"GET"}
{"level":"warn","message":"/"}
{"level":"warn","message":"GET"}
{"level":"warn","message":"/socket.io/socket.io.js"}
{"level":"warn","message":"GET"}
{"level":"warn","message":"/img/kind59.jpeg"}
{"level":"warn","message":"GET"}
{"level":"warn","message":"/favicon.ico"}
{"level":"warn","message":"GET"}
{"level":"warn","message":"/socket.io/socket.io.js"}
{"level":"warn","message":"GET"}
{"level":"warn","message":"/img/kind59.jpeg"}
{"level":"warn","message":"GET"}
{"level":"warn","message":"/favicon.ico"}
{"level":"warn","message":"GET"}
{"level":"warn","message":"/undefined"}
{"level":"warn","message":"GET"}
{"level":"warn","message":"/favicon.ico"}
{"level":"warn","message":"GET"}
{"level":"warn","message":"/"}
{"level":"warn","message":"GET"}
{"level":"warn","message":"/img/kind59.jpeg"}
{"level":"warn","message":"GET"}
{"level":"warn","message":"/undefined"}
{"level":"warn","message":"GET"}
{"level":"warn","message":"/"}
{"level":"warn","message":"GET"}
{"level":"warn","message":"/favicon.ico"}
{"level":"warn","message":"GET"}
{"level":"warn","message":"/img/kind59.jpeg"}
{"level":"warn","message":"GET"}
{"level":"warn","message":"/undefined"}
{"level":"warn","message":"GET"}
{"level":"warn","message":"/favicon.ico"}
{"level":"warn","message":"GET"}
{"level":"warn","message":"/undefined"}
{"level":"warn","message":"GET"}
{"level":"warn","message":"/undefined"}
{"level":"warn","message":"GET"}
{"level":"warn","message":"/undefined"}
{"level":"warn","message":"GET"}
{"level":"warn","message":"/img/kind59.jpeg"}
{"level":"warn","message":"GET"}
{"level":"warn","message":"/favicon.ico"}
{"level":"warn","message":"GET"}
{"level":"warn","message":"/undefined"}
